2025-06-12 23:13:53 error: MongoDB connection failed: option buffermaxentries is not supported
2025-06-12 23:13:58 error: MongoDB connection failed: option buffermaxentries is not supported
2025-06-12 23:14:03 error: MongoDB connection failed: option buffermaxentries is not supported
2025-06-12 23:14:08 error: MongoDB connection failed: option buffermaxentries is not supported
2025-06-12 23:14:13 error: MongoDB connection failed: option buffermaxentries is not supported
2025-06-12 23:14:18 error: MongoDB connection failed: option buffermaxentries is not supported
2025-06-12 23:14:23 error: MongoDB connection failed: option buffermaxentries is not supported
2025-06-12 23:14:28 error: MongoDB connection failed: option buffermaxentries is not supported
2025-06-12 23:14:33 error: MongoDB connection failed: option buffermaxentries is not supported
2025-06-12 23:14:38 error: MongoDB connection failed: option buffermaxentries is not supported
2025-06-12 23:14:43 error: MongoDB connection failed: option buffermaxentries is not supported
2025-06-12 23:30:58 error: MongoDB connection failed: connect ECONNREFUSED 127.0.0.1:27017
2025-06-12 23:31:13 error: MongoDB connection failed: connect ECONNREFUSED 127.0.0.1:27017
2025-06-12 23:31:28 error: MongoDB connection failed: connect ECONNREFUSED 127.0.0.1:27017
2025-06-12 23:31:43 error: MongoDB connection failed: connect ECONNREFUSED 127.0.0.1:27017
2025-06-12 23:31:59 error: MongoDB connection failed: connect ECONNREFUSED 127.0.0.1:27017
2025-06-12 23:32:12 error: MongooseError: Operation `users.findOne()` buffering timed out after 10000ms
    at Timeout.<anonymous> (C:\Users\khans\OneDrive\Desktop\ServiceSetu_w2\backend\node_modules\mongoose\lib\drivers\node-mongodb-native\collection.js:185:23)
    at listOnTimeout (node:internal/timers:588:17)
    at process.processTimers (node:internal/timers:523:7)
2025-06-12 23:32:14 error: MongoDB connection failed: connect ECONNREFUSED 127.0.0.1:27017
2025-06-12 23:32:14 error: MongooseError: Operation `users.findOne()` buffering timed out after 10000ms
    at Timeout.<anonymous> (C:\Users\khans\OneDrive\Desktop\ServiceSetu_w2\backend\node_modules\mongoose\lib\drivers\node-mongodb-native\collection.js:185:23)
    at listOnTimeout (node:internal/timers:588:17)
    at process.processTimers (node:internal/timers:523:7)
2025-06-12 23:32:15 error: MongooseError: Operation `users.findOne()` buffering timed out after 10000ms
    at Timeout.<anonymous> (C:\Users\khans\OneDrive\Desktop\ServiceSetu_w2\backend\node_modules\mongoose\lib\drivers\node-mongodb-native\collection.js:185:23)
    at listOnTimeout (node:internal/timers:588:17)
    at process.processTimers (node:internal/timers:523:7)
2025-06-12 23:32:15 error: MongooseError: Operation `users.findOne()` buffering timed out after 10000ms
    at Timeout.<anonymous> (C:\Users\khans\OneDrive\Desktop\ServiceSetu_w2\backend\node_modules\mongoose\lib\drivers\node-mongodb-native\collection.js:185:23)
    at listOnTimeout (node:internal/timers:588:17)
    at process.processTimers (node:internal/timers:523:7)
2025-06-12 23:32:15 error: MongooseError: Operation `users.findOne()` buffering timed out after 10000ms
    at Timeout.<anonymous> (C:\Users\khans\OneDrive\Desktop\ServiceSetu_w2\backend\node_modules\mongoose\lib\drivers\node-mongodb-native\collection.js:185:23)
    at listOnTimeout (node:internal/timers:588:17)
    at process.processTimers (node:internal/timers:523:7)
2025-06-12 23:32:28 error: MongooseError: Operation `users.findOne()` buffering timed out after 10000ms
    at Timeout.<anonymous> (C:\Users\khans\OneDrive\Desktop\ServiceSetu_w2\backend\node_modules\mongoose\lib\drivers\node-mongodb-native\collection.js:185:23)
    at listOnTimeout (node:internal/timers:588:17)
    at process.processTimers (node:internal/timers:523:7)
2025-06-12 23:32:29 error: MongoDB connection failed: connect ECONNREFUSED 127.0.0.1:27017
2025-06-12 23:32:31 error: MongooseError: Operation `users.findOne()` buffering timed out after 10000ms
    at Timeout.<anonymous> (C:\Users\khans\OneDrive\Desktop\ServiceSetu_w2\backend\node_modules\mongoose\lib\drivers\node-mongodb-native\collection.js:185:23)
    at listOnTimeout (node:internal/timers:588:17)
    at process.processTimers (node:internal/timers:523:7)
2025-06-12 23:32:31 error: MongooseError: Operation `users.findOne()` buffering timed out after 10000ms
    at Timeout.<anonymous> (C:\Users\khans\OneDrive\Desktop\ServiceSetu_w2\backend\node_modules\mongoose\lib\drivers\node-mongodb-native\collection.js:185:23)
    at listOnTimeout (node:internal/timers:588:17)
    at process.processTimers (node:internal/timers:523:7)
2025-06-12 23:32:31 error: MongooseError: Operation `users.findOne()` buffering timed out after 10000ms
    at Timeout.<anonymous> (C:\Users\khans\OneDrive\Desktop\ServiceSetu_w2\backend\node_modules\mongoose\lib\drivers\node-mongodb-native\collection.js:185:23)
    at listOnTimeout (node:internal/timers:588:17)
    at process.processTimers (node:internal/timers:523:7)
2025-06-12 23:32:44 error: MongoDB connection failed: connect ECONNREFUSED 127.0.0.1:27017
2025-06-12 23:32:59 error: MongoDB connection failed: connect ECONNREFUSED 127.0.0.1:27017
2025-06-12 23:33:14 error: MongoDB connection failed: connect ECONNREFUSED 127.0.0.1:27017
2025-06-12 23:33:29 error: MongoDB connection failed: connect ECONNREFUSED 127.0.0.1:27017
2025-06-12 23:33:44 error: MongoDB connection failed: connect ECONNREFUSED 127.0.0.1:27017
2025-06-12 23:33:59 error: MongoDB connection failed: connect ECONNREFUSED 127.0.0.1:27017
2025-06-12 23:34:14 error: MongoDB connection failed: connect ECONNREFUSED 127.0.0.1:27017
2025-06-12 23:34:29 error: MongoDB connection failed: connect ECONNREFUSED 127.0.0.1:27017
2025-06-12 23:35:07 error: MongoDB connection failed: connect ECONNREFUSED ::1:27017, connect ECONNREFUSED 127.0.0.1:27017
2025-06-12 23:36:24 error: MongoDB connection failed: connect ECONNREFUSED ::1:27017, connect ECONNREFUSED 127.0.0.1:27017
2025-06-12 23:40:01 error: MongooseError: Operation `users.findOne()` buffering timed out after 10000ms
    at Timeout.<anonymous> (C:\Users\khans\OneDrive\Desktop\ServiceSetu_w2\backend\node_modules\mongoose\lib\drivers\node-mongodb-native\collection.js:185:23)
    at listOnTimeout (node:internal/timers:588:17)
    at process.processTimers (node:internal/timers:523:7)
2025-06-12 23:40:02 error: MongooseError: Operation `users.findOne()` buffering timed out after 10000ms
    at Timeout.<anonymous> (C:\Users\khans\OneDrive\Desktop\ServiceSetu_w2\backend\node_modules\mongoose\lib\drivers\node-mongodb-native\collection.js:185:23)
    at listOnTimeout (node:internal/timers:588:17)
    at process.processTimers (node:internal/timers:523:7)
2025-06-12 23:40:02 error: MongooseError: Operation `users.findOne()` buffering timed out after 10000ms
    at Timeout.<anonymous> (C:\Users\khans\OneDrive\Desktop\ServiceSetu_w2\backend\node_modules\mongoose\lib\drivers\node-mongodb-native\collection.js:185:23)
    at listOnTimeout (node:internal/timers:588:17)
    at process.processTimers (node:internal/timers:523:7)
2025-06-12 23:40:02 error: MongooseError: Operation `users.findOne()` buffering timed out after 10000ms
    at Timeout.<anonymous> (C:\Users\khans\OneDrive\Desktop\ServiceSetu_w2\backend\node_modules\mongoose\lib\drivers\node-mongodb-native\collection.js:185:23)
    at listOnTimeout (node:internal/timers:588:17)
    at process.processTimers (node:internal/timers:523:7)
2025-06-12 23:40:03 error: MongooseError: Operation `users.findOne()` buffering timed out after 10000ms
    at Timeout.<anonymous> (C:\Users\khans\OneDrive\Desktop\ServiceSetu_w2\backend\node_modules\mongoose\lib\drivers\node-mongodb-native\collection.js:185:23)
    at listOnTimeout (node:internal/timers:588:17)
    at process.processTimers (node:internal/timers:523:7)
2025-06-12 23:40:03 error: MongooseError: Operation `users.findOne()` buffering timed out after 10000ms
    at Timeout.<anonymous> (C:\Users\khans\OneDrive\Desktop\ServiceSetu_w2\backend\node_modules\mongoose\lib\drivers\node-mongodb-native\collection.js:185:23)
    at listOnTimeout (node:internal/timers:588:17)
    at process.processTimers (node:internal/timers:523:7)
2025-06-13 00:25:02 error: MongoDB connection failed: connect ECONNREFUSED 127.0.0.1:27017
2025-07-10 17:10:55 error: Error: Invalid email or password
    at c:\Users\Home\Desktop\work\ServiceSetu_w21 (2)\backend\controllers\userController.js:107:11
2025-07-10 17:11:05 error: Error: Invalid email or password
    at c:\Users\Home\Desktop\work\ServiceSetu_w21 (2)\backend\controllers\userController.js:107:11
2025-07-10 17:11:06 error: Error: Invalid email or password
    at c:\Users\Home\Desktop\work\ServiceSetu_w21 (2)\backend\controllers\userController.js:107:11
2025-07-10 17:11:07 error: Error: Invalid email or password
    at c:\Users\Home\Desktop\work\ServiceSetu_w21 (2)\backend\controllers\userController.js:107:11
2025-07-10 17:11:08 error: Error: Invalid email or password
    at c:\Users\Home\Desktop\work\ServiceSetu_w21 (2)\backend\controllers\userController.js:107:11
2025-07-10 17:11:08 error: Error: Invalid email or password
    at c:\Users\Home\Desktop\work\ServiceSetu_w21 (2)\backend\controllers\userController.js:107:11
2025-07-10 17:11:17 error: Error: Invalid email or password
    at c:\Users\Home\Desktop\work\ServiceSetu_w21 (2)\backend\controllers\userController.js:107:11
2025-07-10 17:13:35 error: Error: Invalid email or password
    at c:\Users\Home\Desktop\work\ServiceSetu_w21 (2)\backend\controllers\userController.js:107:11
